# JRE version: OpenJDK Runtime Environment (8.0_152-b02) (build 1.8.0_152-release-1024-b02)
# Java VM: OpenJDK 64-Bit Server VM (25.152-b02 mixed mode windows-amd64 compressed oops)
Heap:
 def new generation   total 61056K, used 2403K [0x00000000a0000000, 0x00000000a4230000, 0x00000000c0000000)
  eden space 54336K,   4% used [0x00000000a0000000, 0x00000000a0258c60, 0x00000000a3510000)
  from space 6720K,   0% used [0x00000000a3510000, 0x00000000a3510000, 0x00000000a3ba0000)
  to   space 6720K,   0% used [0x00000000a3ba0000, 0x00000000a3ba0000, 0x00000000a4230000)
 tenured generation   total 135432K, used 25027K [0x00000000c0000000, 0x00000000c8442000, 0x0000000100000000)
   the space 135432K,  18% used [0x00000000c0000000, 0x00000000c1870cf0, 0x00000000c1870e00, 0x00000000c8442000)
 Metaspace       used 63819K, capacity 65502K, committed 70016K, reserved 1112064K
  class space    used 6886K, capacity 7250K, committed 8064K, reserved 1048576K
GC Heap History (10 events):
Event: 17623.124 GC heap after
Heap after GC invocations=118 (full 14):
 def new generation   total 61056K, used 6444K [0x00000000a0000000, 0x00000000a4230000, 0x00000000c0000000)
  eden space 54336K,   0% used [0x00000000a0000000, 0x00000000a0000000, 0x00000000a3510000)
  from space 6720K,  95% used [0x00000000a3ba0000, 0x00000000a41eb198, 0x00000000a4230000)
  to   space 6720K,   0% used [0x00000000a3510000, 0x00000000a3510000, 0x00000000a3ba0000)
 tenured generation   total 135432K, used 124140K [0x00000000c0000000, 0x00000000c8442000, 0x0000000100000000)
   the space 135432K,  91% used [0x00000000c0000000, 0x00000000c793b0d0, 0x00000000c793b200, 0x00000000c8442000)
 Metaspace       used 64395K, capacity 66258K, committed 70016K, reserved 1112064K
  class space    used 6961K, capacity 7368K, committed 8064K, reserved 1048576K
}
Event: 17623.492 GC heap before
{Heap before GC invocations=118 (full 14):
 def new generation   total 61056K, used 60780K [0x00000000a0000000, 0x00000000a4230000, 0x00000000c0000000)
  eden space 54336K, 100% used [0x00000000a0000000, 0x00000000a3510000, 0x00000000a3510000)
  from space 6720K,  95% used [0x00000000a3ba0000, 0x00000000a41eb198, 0x00000000a4230000)
  to   space 6720K,   0% used [0x00000000a3510000, 0x00000000a3510000, 0x00000000a3ba0000)
 tenured generation   total 135432K, used 124140K [0x00000000c0000000, 0x00000000c8442000, 0x0000000100000000)
   the space 135432K,  91% used [0x00000000c0000000, 0x00000000c793b0d0, 0x00000000c793b200, 0x00000000c8442000)
 Metaspace       used 64455K, capacity 66354K, committed 70016K, reserved 1112064K
  class space    used 6970K, capacity 7400K, committed 8064K, reserved 1048576K
Event: 17623.683 GC heap after
Heap after GC invocations=119 (full 15):
 def new generation   total 61056K, used 0K [0x00000000a0000000, 0x00000000a4230000, 0x00000000c0000000)
  eden space 54336K,   0% used [0x00000000a0000000, 0x00000000a0000000, 0x00000000a3510000)
  from space 6720K,   0% used [0x00000000a3510000, 0x00000000a3510000, 0x00000000a3ba0000)
  to   space 6720K,   0% used [0x00000000a3ba0000, 0x00000000a3ba0000, 0x00000000a4230000)
 tenured generation   total 135432K, used 51242K [0x00000000c0000000, 0x00000000c8442000, 0x0000000100000000)
   the space 135432K,  37% used [0x00000000c0000000, 0x00000000c320aac8, 0x00000000c320ac00, 0x00000000c8442000)
 Metaspace       used 63275K, capacity 64960K, committed 70016K, reserved 1112064K
  class space    used 6818K, capacity 7177K, committed 8064K, reserved 1048576K
}
Event: 17724.184 GC heap before
{Heap before GC invocations=119 (full 15):
 def new generation   total 61056K, used 54336K [0x00000000a0000000, 0x00000000a4230000, 0x00000000c0000000)
  eden space 54336K, 100% used [0x00000000a0000000, 0x00000000a3510000, 0x00000000a3510000)
  from space 6720K,   0% used [0x00000000a3510000, 0x00000000a3510000, 0x00000000a3ba0000)
  to   space 6720K,   0% used [0x00000000a3ba0000, 0x00000000a3ba0000, 0x00000000a4230000)
 tenured generation   total 135432K, used 51242K [0x00000000c0000000, 0x00000000c8442000, 0x0000000100000000)
   the space 135432K,  37% used [0x00000000c0000000, 0x00000000c320aac8, 0x00000000c320ac00, 0x00000000c8442000)
 Metaspace       used 63658K, capacity 65342K, committed 70016K, reserved 1112064K
  class space    used 6863K, capacity 7218K, committed 8064K, reserved 1048576K
Event: 17724.206 GC heap after
Heap after GC invocations=120 (full 15):
 def new generation   total 61056K, used 6719K [0x00000000a0000000, 0x00000000a4230000, 0x00000000c0000000)
  eden space 54336K,   0% used [0x00000000a0000000, 0x00000000a0000000, 0x00000000a3510000)
  from space 6720K,  99% used [0x00000000a3ba0000, 0x00000000a422fff8, 0x00000000a4230000)
  to   space 6720K,   0% used [0x00000000a3510000, 0x00000000a3510000, 0x00000000a3ba0000)
 tenured generation   total 135432K, used 54043K [0x00000000c0000000, 0x00000000c8442000, 0x0000000100000000)
   the space 135432K,  39% used [0x00000000c0000000, 0x00000000c34c6f18, 0x00000000c34c7000, 0x00000000c8442000)
 Metaspace       used 63658K, capacity 65342K, committed 70016K, reserved 1112064K
  class space    used 6863K, capacity 7218K, committed 8064K, reserved 1048576K
}
Event: 17724.471 GC heap before
{Heap before GC invocations=120 (full 15):
 def new generation   total 61056K, used 61055K [0x00000000a0000000, 0x00000000a4230000, 0x00000000c0000000)
  eden space 54336K, 100% used [0x00000000a0000000, 0x00000000a3510000, 0x00000000a3510000)
  from space 6720K,  99% used [0x00000000a3ba0000, 0x00000000a422fff8, 0x00000000a4230000)
  to   space 6720K,   0% used [0x00000000a3510000, 0x00000000a3510000, 0x00000000a3ba0000)
 tenured generation   total 135432K, used 54043K [0x00000000c0000000, 0x00000000c8442000, 0x0000000100000000)
   the space 135432K,  39% used [0x00000000c0000000, 0x00000000c34c6f18, 0x00000000c34c7000, 0x00000000c8442000)
 Metaspace       used 63708K, capacity 65438K, committed 70016K, reserved 1112064K
  class space    used 6872K, capacity 7250K, committed 8064K, reserved 1048576K
Event: 17724.503 GC heap after
Heap after GC invocations=121 (full 15):
 def new generation   total 61056K, used 6720K [0x00000000a0000000, 0x00000000a4230000, 0x00000000c0000000)
  eden space 54336K,   0% used [0x00000000a0000000, 0x00000000a0000000, 0x00000000a3510000)
  from space 6720K, 100% used [0x00000000a3510000, 0x00000000a3ba0000, 0x00000000a3ba0000)
  to   space 6720K,   0% used [0x00000000a3ba0000, 0x00000000a3ba0000, 0x00000000a4230000)
 tenured generation   total 135432K, used 66727K [0x00000000c0000000, 0x00000000c8442000, 0x0000000100000000)
   the space 135432K,  49% used [0x00000000c0000000, 0x00000000c4129dd8, 0x00000000c4129e00, 0x00000000c8442000)
 Metaspace       used 63708K, capacity 65438K, committed 70016K, reserved 1112064K
  class space    used 6872K, capacity 7250K, committed 8064K, reserved 1048576K
}
Event: 21223.683 GC heap before
{Heap before GC invocations=121 (full 15):
 def new generation   total 61056K, used 27263K [0x00000000a0000000, 0x00000000a4230000, 0x00000000c0000000)
  eden space 54336K,  37% used [0x00000000a0000000, 0x00000000a140fd10, 0x00000000a3510000)
  from space 6720K, 100% used [0x00000000a3510000, 0x00000000a3ba0000, 0x00000000a3ba0000)
  to   space 6720K,   0% used [0x00000000a3ba0000, 0x00000000a3ba0000, 0x00000000a4230000)
 tenured generation   total 135432K, used 66727K [0x00000000c0000000, 0x00000000c8442000, 0x0000000100000000)
   the space 135432K,  49% used [0x00000000c0000000, 0x00000000c4129dd8, 0x00000000c4129e00, 0x00000000c8442000)
 Metaspace       used 63804K, capacity 65502K, committed 70016K, reserved 1112064K
  class space    used 6884K, capacity 7250K, committed 8064K, reserved 1048576K
Event: 21223.793 GC heap after
Heap after GC invocations=122 (full 16):
 def new generation   total 61056K, used 0K [0x00000000a0000000, 0x00000000a4230000, 0x00000000c0000000)
  eden space 54336K,   0% used [0x00000000a0000000, 0x00000000a0000000, 0x00000000a3510000)
  from space 6720K,   0% used [0x00000000a3510000, 0x00000000a3510000, 0x00000000a3ba0000)
  to   space 6720K,   0% used [0x00000000a3ba0000, 0x00000000a3ba0000, 0x00000000a4230000)
 tenured generation   total 135432K, used 25027K [0x00000000c0000000, 0x00000000c8442000, 0x0000000100000000)
   the space 135432K,  18% used [0x00000000c0000000, 0x00000000c1870cf0, 0x00000000c1870e00, 0x00000000c8442000)
 Metaspace       used 63804K, capacity 65502K, committed 70016K, reserved 1112064K
  class space    used 6884K, capacity 7250K, committed 8064K, reserved 1048576K
}
Event: 26300.104 GC heap before
{Heap before GC invocations=122 (full 16):
 def new generation   total 61056K, used 2403K [0x00000000a0000000, 0x00000000a4230000, 0x00000000c0000000)
  eden space 54336K,   4% used [0x00000000a0000000, 0x00000000a0258c60, 0x00000000a3510000)
  from space 6720K,   0% used [0x00000000a3510000, 0x00000000a3510000, 0x00000000a3ba0000)
  to   space 6720K,   0% used [0x00000000a3ba0000, 0x00000000a3ba0000, 0x00000000a4230000)
 tenured generation   total 135432K, used 25027K [0x00000000c0000000, 0x00000000c8442000, 0x0000000100000000)
   the space 135432K,  18% used [0x00000000c0000000, 0x00000000c1870cf0, 0x00000000c1870e00, 0x00000000c8442000)
 Metaspace       used 63819K, capacity 65502K, committed 70016K, reserved 1112064K
  class space    used 6886K, capacity 7250K, committed 8064K, reserved 1048576K

